<?xml version="1.0" encoding="UTF-8"?>
<coverage generated="1680653483962" clover="3.2.0">
  <project timestamp="1680653483962" name="All files">
    <metrics statements="84" coveredstatements="74" conditionals="6" coveredconditionals="5" methods="4" coveredmethods="2" elements="94" coveredelements="81" complexity="0" loc="84" ncloc="84" packages="4" files="6" classes="6"/>
    <package name="functions.get-product">
      <metrics statements="27" coveredstatements="23" conditionals="3" coveredconditionals="2" methods="0" coveredmethods="0"/>
      <file name="handler.ts" path="/Users/Herman_Dzemski/Documents/projects/aws-study/products-api/products-service/src/functions/get-product/handler.ts">
        <metrics statements="27" coveredstatements="23" conditionals="3" coveredconditionals="2" methods="0" coveredmethods="0"/>
        <line num="1" count="1" type="stmt"/>
        <line num="2" count="1" type="stmt"/>
        <line num="3" count="1" type="stmt"/>
        <line num="4" count="1" type="stmt"/>
        <line num="5" count="1" type="stmt"/>
        <line num="6" count="1" type="cond" truecount="1" falsecount="0"/>
        <line num="7" count="2" type="stmt"/>
        <line num="8" count="2" type="stmt"/>
        <line num="9" count="2" type="stmt"/>
        <line num="10" count="2" type="stmt"/>
        <line num="11" count="2" type="stmt"/>
        <line num="12" count="2" type="stmt"/>
        <line num="13" count="2" type="cond" truecount="1" falsecount="0"/>
        <line num="14" count="1" type="stmt"/>
        <line num="15" count="1" type="stmt"/>
        <line num="16" count="1" type="stmt"/>
        <line num="17" count="1" type="stmt"/>
        <line num="18" count="1" type="stmt"/>
        <line num="19" count="1" type="stmt"/>
        <line num="20" count="2" type="cond" truecount="0" falsecount="1"/>
        <line num="21" count="0" type="stmt"/>
        <line num="22" count="0" type="stmt"/>
        <line num="23" count="0" type="stmt"/>
        <line num="24" count="0" type="stmt"/>
        <line num="25" count="2" type="stmt"/>
        <line num="26" count="2" type="stmt"/>
        <line num="27" count="1" type="stmt"/>
      </file>
    </package>
    <package name="functions.products">
      <metrics statements="11" coveredstatements="11" conditionals="1" coveredconditionals="1" methods="0" coveredmethods="0"/>
      <file name="handler.ts" path="/Users/Herman_Dzemski/Documents/projects/aws-study/products-api/products-service/src/functions/products/handler.ts">
        <metrics statements="11" coveredstatements="11" conditionals="1" coveredconditionals="1" methods="0" coveredmethods="0"/>
        <line num="1" count="1" type="stmt"/>
        <line num="2" count="1" type="stmt"/>
        <line num="3" count="1" type="stmt"/>
        <line num="4" count="1" type="stmt"/>
        <line num="5" count="1" type="stmt"/>
        <line num="6" count="1" type="stmt"/>
        <line num="7" count="1" type="cond" truecount="1" falsecount="0"/>
        <line num="8" count="1" type="stmt"/>
        <line num="9" count="1" type="stmt"/>
        <line num="10" count="1" type="stmt"/>
        <line num="11" count="1" type="stmt"/>
      </file>
    </package>
    <package name="libs">
      <metrics statements="19" coveredstatements="19" conditionals="2" coveredconditionals="2" methods="2" coveredmethods="2"/>
      <file name="api-gateway.ts" path="/Users/Herman_Dzemski/Documents/projects/aws-study/products-api/products-service/src/libs/api-gateway.ts">
        <metrics statements="12" coveredstatements="12" conditionals="1" coveredconditionals="1" methods="1" coveredmethods="1"/>
        <line num="1" count="1" type="stmt"/>
        <line num="2" count="1" type="stmt"/>
        <line num="3" count="1" type="stmt"/>
        <line num="4" count="1" type="stmt"/>
        <line num="5" count="1" type="stmt"/>
        <line num="6" count="1" type="stmt"/>
        <line num="7" count="1" type="cond" truecount="1" falsecount="0"/>
        <line num="8" count="3" type="stmt"/>
        <line num="9" count="3" type="stmt"/>
        <line num="10" count="3" type="stmt"/>
        <line num="11" count="3" type="stmt"/>
        <line num="12" count="3" type="stmt"/>
      </file>
      <file name="lambda.ts" path="/Users/Herman_Dzemski/Documents/projects/aws-study/products-api/products-service/src/libs/lambda.ts">
        <metrics statements="7" coveredstatements="7" conditionals="1" coveredconditionals="1" methods="1" coveredmethods="1"/>
        <line num="1" count="1" type="stmt"/>
        <line num="2" count="1" type="stmt"/>
        <line num="3" count="1" type="stmt"/>
        <line num="4" count="1" type="stmt"/>
        <line num="5" count="1" type="cond" truecount="1" falsecount="0"/>
        <line num="6" count="2" type="stmt"/>
        <line num="7" count="2" type="stmt"/>
      </file>
    </package>
    <package name="services">
      <metrics statements="27" coveredstatements="21" conditionals="0" coveredconditionals="0" methods="2" coveredmethods="0"/>
      <file name="index.ts" path="/Users/Herman_Dzemski/Documents/projects/aws-study/products-api/products-service/src/services/index.ts">
        <metrics statements="4" coveredstatements="4" conditionals="0" coveredconditionals="0" methods="0" coveredmethods="0"/>
        <line num="1" count="1" type="stmt"/>
        <line num="2" count="1" type="stmt"/>
        <line num="3" count="1" type="stmt"/>
        <line num="4" count="1" type="stmt"/>
      </file>
      <file name="products.service.ts" path="/Users/Herman_Dzemski/Documents/projects/aws-study/products-api/products-service/src/services/products.service.ts">
        <metrics statements="23" coveredstatements="17" conditionals="0" coveredconditionals="0" methods="2" coveredmethods="0"/>
        <line num="1" count="1" type="stmt"/>
        <line num="2" count="1" type="stmt"/>
        <line num="3" count="1" type="stmt"/>
        <line num="4" count="1" type="stmt"/>
        <line num="5" count="1" type="stmt"/>
        <line num="6" count="1" type="stmt"/>
        <line num="7" count="1" type="stmt"/>
        <line num="8" count="1" type="stmt"/>
        <line num="9" count="1" type="stmt"/>
        <line num="10" count="1" type="stmt"/>
        <line num="11" count="1" type="stmt"/>
        <line num="12" count="1" type="stmt"/>
        <line num="13" count="1" type="stmt"/>
        <line num="14" count="1" type="stmt"/>
        <line num="15" count="0" type="stmt"/>
        <line num="16" count="0" type="stmt"/>
        <line num="17" count="1" type="stmt"/>
        <line num="18" count="1" type="stmt"/>
        <line num="19" count="0" type="stmt"/>
        <line num="20" count="0" type="stmt"/>
        <line num="21" count="0" type="stmt"/>
        <line num="22" count="0" type="stmt"/>
        <line num="23" count="1" type="stmt"/>
      </file>
    </package>
  </project>
</coverage>
